<?xml version="1.0" encoding="UTF-8"?>
<!-- Generated by org.testng.reporters.JUnitReportReporter -->
<testsuite hostname="prabhaasus" failures="0" tests="64" name="runner.ChromeHeadless" time="511.805" errors="0" timestamp="2024-04-02T13:49:37 EDT" skipped="0">
  <testcase classname="runner.ChromeHeadless" name="runScenario" time="7.573"/>
  <system-out/>
  <testcase classname="runner.ChromeHeadless" name="runScenario" time="5.937"/>
  <system-out/>
  <testcase classname="runner.ChromeHeadless" name="runScenario" time="7.889"/>
  <system-out/>
  <testcase classname="runner.ChromeHeadless" name="runScenario" time="5.335"/>
  <system-out/>
  <testcase classname="runner.ChromeHeadless" name="runScenario" time="8.258"/>
  <system-out/>
  <testcase classname="runner.ChromeHeadless" name="runScenario" time="6.294"/>
  <system-out/>
  <testcase classname="runner.ChromeHeadless" name="runScenario" time="10.108"/>
  <system-out/>
  <testcase classname="runner.ChromeHeadless" name="runScenario" time="7.935"/>
  <system-out/>
  <testcase classname="runner.ChromeHeadless" name="runScenario" time="7.552"/>
  <system-out/>
  <testcase classname="runner.ChromeHeadless" name="runScenario" time="9.811"/>
  <system-out/>
  <testcase classname="runner.ChromeHeadless" name="runScenario" time="6.979"/>
  <system-out/>
  <testcase classname="runner.ChromeHeadless" name="runScenario" time="8.786"/>
  <system-out/>
  <testcase classname="runner.ChromeHeadless" name="runScenario" time="7.326"/>
  <system-out/>
  <testcase classname="runner.ChromeHeadless" name="runScenario" time="6.251"/>
  <system-out/>
  <testcase classname="runner.ChromeHeadless" name="runScenario" time="8.191"/>
  <system-out/>
  <testcase classname="runner.ChromeHeadless" name="runScenario" time="7.718"/>
  <system-out/>
  <testcase classname="runner.ChromeHeadless" name="runScenario" time="8.670"/>
  <system-out/>
  <testcase classname="runner.ChromeHeadless" name="runScenario" time="14.461"/>
  <system-out/>
  <testcase classname="runner.ChromeHeadless" name="runScenario" time="7.094"/>
  <system-out/>
  <testcase classname="runner.ChromeHeadless" name="verifyheadless" time="0.015"/>
  <system-out/>
  <testcase classname="runner.ChromeHeadless" name="runScenario" time="8.174"/>
  <system-out/>
  <testcase classname="runner.ChromeHeadless" name="runScenario" time="6.720"/>
  <system-out/>
  <testcase classname="runner.ChromeHeadless" name="runScenario" time="8.983"/>
  <system-out/>
  <testcase classname="runner.ChromeHeadless" name="runScenario" time="8.659"/>
  <system-out/>
  <testcase classname="runner.ChromeHeadless" name="runScenario" time="6.125"/>
  <system-out/>
  <testcase classname="runner.ChromeHeadless" name="runScenario" time="9.462"/>
  <system-out/>
  <testcase classname="runner.ChromeHeadless" name="runScenario" time="7.432"/>
  <system-out/>
  <testcase classname="runner.ChromeHeadless" name="runScenario" time="9.605"/>
  <system-out/>
  <testcase classname="runner.ChromeHeadless" name="runScenario" time="8.102"/>
  <system-out/>
  <testcase classname="runner.ChromeHeadless" name="runScenario" time="7.802"/>
  <system-out/>
  <testcase classname="runner.ChromeHeadless" name="runScenario" time="7.749"/>
  <system-out/>
  <testcase classname="runner.ChromeHeadless" name="runScenario" time="8.101"/>
  <system-out/>
  <testcase classname="runner.ChromeHeadless" name="runScenario" time="9.618"/>
  <system-out/>
  <testcase classname="runner.ChromeHeadless" name="runScenario" time="7.307"/>
  <system-out/>
  <testcase classname="runner.ChromeHeadless" name="runScenario" time="7.793"/>
  <system-out/>
  <testcase classname="runner.ChromeHeadless" name="runScenario" time="9.914"/>
  <system-out/>
  <testcase classname="runner.ChromeHeadless" name="runScenario" time="6.280"/>
  <system-out/>
  <testcase classname="runner.ChromeHeadless" name="runScenario" time="7.671"/>
  <system-out/>
  <testcase classname="runner.ChromeHeadless" name="runScenario" time="7.975"/>
  <system-out/>
  <testcase classname="runner.ChromeHeadless" name="runScenario" time="8.471"/>
  <system-out/>
  <testcase classname="runner.ChromeHeadless" name="runScenario" time="6.274"/>
  <system-out/>
  <testcase classname="runner.ChromeHeadless" name="runScenario" time="6.720"/>
  <system-out/>
  <testcase classname="runner.ChromeHeadless" name="runScenario" time="8.136"/>
  <system-out/>
  <testcase classname="runner.ChromeHeadless" name="runScenario" time="8.761"/>
  <system-out/>
  <testcase classname="runner.ChromeHeadless" name="runScenario" time="9.379"/>
  <system-out/>
  <testcase classname="runner.ChromeHeadless" name="runScenario" time="7.969"/>
  <system-out/>
  <testcase classname="runner.ChromeHeadless" name="runScenario" time="9.224"/>
  <system-out/>
  <testcase classname="runner.ChromeHeadless" name="runScenario" time="7.347"/>
  <system-out/>
  <testcase classname="runner.ChromeHeadless" name="runScenario" time="6.299"/>
  <system-out/>
  <testcase classname="runner.ChromeHeadless" name="runScenario" time="10.198"/>
  <system-out/>
  <testcase classname="runner.ChromeHeadless" name="runScenario" time="7.558"/>
  <system-out/>
  <testcase classname="runner.ChromeHeadless" name="runScenario" time="7.134"/>
  <system-out/>
  <testcase classname="runner.ChromeHeadless" name="runScenario" time="6.946"/>
  <system-out/>
  <testcase classname="runner.ChromeHeadless" name="runScenario" time="9.034"/>
  <system-out/>
  <testcase classname="runner.ChromeHeadless" name="runScenario" time="8.517"/>
  <system-out/>
  <testcase classname="runner.ChromeHeadless" name="runScenario" time="9.584"/>
  <system-out/>
  <testcase classname="runner.ChromeHeadless" name="runScenario" time="8.582"/>
  <system-out/>
  <testcase classname="runner.ChromeHeadless" name="runScenario" time="7.842"/>
  <system-out/>
  <testcase classname="runner.ChromeHeadless" name="runScenario" time="7.806"/>
  <system-out/>
  <testcase classname="runner.ChromeHeadless" name="runScenario" time="8.979"/>
  <system-out/>
  <testcase classname="runner.ChromeHeadless" name="runScenario" time="8.068"/>
  <system-out/>
  <testcase classname="runner.ChromeHeadless" name="runScenario" time="6.259"/>
  <system-out/>
  <testcase classname="runner.ChromeHeadless" name="runScenario" time="14.058"/>
  <system-out/>
  <testcase classname="runner.ChromeHeadless" name="runScenario" time="7.005"/>
  <system-out/>
</testsuite> <!-- runner.ChromeHeadless -->
