<?xml version="1.0" encoding="UTF-8"?>
<!-- Generated by org.testng.reporters.JUnitReportReporter -->
<testsuite hostname="prabhaasus" failures="0" tests="63" name="runner.ChromeHeadless$TestNGRunner" time="494.124" errors="0" timestamp="2024-04-02T13:34:40 EDT" skipped="0">
  <testcase classname="runner.ChromeHeadless$TestNGRunner" name="runScenario" time="5.583"/>
  <system-out/>
  <testcase classname="runner.ChromeHeadless$TestNGRunner" name="runScenario" time="7.658"/>
  <system-out/>
  <testcase classname="runner.ChromeHeadless$TestNGRunner" name="runScenario" time="7.455"/>
  <system-out/>
  <testcase classname="runner.ChromeHeadless$TestNGRunner" name="runScenario" time="6.736"/>
  <system-out/>
  <testcase classname="runner.ChromeHeadless$TestNGRunner" name="runScenario" time="7.581"/>
  <system-out/>
  <testcase classname="runner.ChromeHeadless$TestNGRunner" name="runScenario" time="7.163"/>
  <system-out/>
  <testcase classname="runner.ChromeHeadless$TestNGRunner" name="runScenario" time="7.296"/>
  <system-out/>
  <testcase classname="runner.ChromeHeadless$TestNGRunner" name="runScenario" time="6.451"/>
  <system-out/>
  <testcase classname="runner.ChromeHeadless$TestNGRunner" name="runScenario" time="7.676"/>
  <system-out/>
  <testcase classname="runner.ChromeHeadless$TestNGRunner" name="runScenario" time="8.384"/>
  <system-out/>
  <testcase classname="runner.ChromeHeadless$TestNGRunner" name="runScenario" time="6.851"/>
  <system-out/>
  <testcase classname="runner.ChromeHeadless$TestNGRunner" name="runScenario" time="8.798"/>
  <system-out/>
  <testcase classname="runner.ChromeHeadless$TestNGRunner" name="runScenario" time="10.026"/>
  <system-out/>
  <testcase classname="runner.ChromeHeadless$TestNGRunner" name="runScenario" time="8.488"/>
  <system-out/>
  <testcase classname="runner.ChromeHeadless$TestNGRunner" name="runScenario" time="8.814"/>
  <system-out/>
  <testcase classname="runner.ChromeHeadless$TestNGRunner" name="runScenario" time="7.041"/>
  <system-out/>
  <testcase classname="runner.ChromeHeadless$TestNGRunner" name="runScenario" time="7.954"/>
  <system-out/>
  <testcase classname="runner.ChromeHeadless$TestNGRunner" name="runScenario" time="8.691"/>
  <system-out/>
  <testcase classname="runner.ChromeHeadless$TestNGRunner" name="runScenario" time="7.590"/>
  <system-out/>
  <testcase classname="runner.ChromeHeadless$TestNGRunner" name="runScenario" time="7.526"/>
  <system-out/>
  <testcase classname="runner.ChromeHeadless$TestNGRunner" name="runScenario" time="7.170"/>
  <system-out/>
  <testcase classname="runner.ChromeHeadless$TestNGRunner" name="runScenario" time="7.091"/>
  <system-out/>
  <testcase classname="runner.ChromeHeadless$TestNGRunner" name="runScenario" time="7.734"/>
  <system-out/>
  <testcase classname="runner.ChromeHeadless$TestNGRunner" name="runScenario" time="6.453"/>
  <system-out/>
  <testcase classname="runner.ChromeHeadless$TestNGRunner" name="runScenario" time="7.146"/>
  <system-out/>
  <testcase classname="runner.ChromeHeadless$TestNGRunner" name="runScenario" time="7.421"/>
  <system-out/>
  <testcase classname="runner.ChromeHeadless$TestNGRunner" name="runScenario" time="8.432"/>
  <system-out/>
  <testcase classname="runner.ChromeHeadless$TestNGRunner" name="runScenario" time="9.395"/>
  <system-out/>
  <testcase classname="runner.ChromeHeadless$TestNGRunner" name="runScenario" time="7.924"/>
  <system-out/>
  <testcase classname="runner.ChromeHeadless$TestNGRunner" name="runScenario" time="8.319"/>
  <system-out/>
  <testcase classname="runner.ChromeHeadless$TestNGRunner" name="runScenario" time="7.599"/>
  <system-out/>
  <testcase classname="runner.ChromeHeadless$TestNGRunner" name="runScenario" time="7.031"/>
  <system-out/>
  <testcase classname="runner.ChromeHeadless$TestNGRunner" name="runScenario" time="8.110"/>
  <system-out/>
  <testcase classname="runner.ChromeHeadless$TestNGRunner" name="runScenario" time="6.564"/>
  <system-out/>
  <testcase classname="runner.ChromeHeadless$TestNGRunner" name="runScenario" time="8.017"/>
  <system-out/>
  <testcase classname="runner.ChromeHeadless$TestNGRunner" name="runScenario" time="7.598"/>
  <system-out/>
  <testcase classname="runner.ChromeHeadless$TestNGRunner" name="runScenario" time="6.634"/>
  <system-out/>
  <testcase classname="runner.ChromeHeadless$TestNGRunner" name="runScenario" time="7.010"/>
  <system-out/>
  <testcase classname="runner.ChromeHeadless$TestNGRunner" name="runScenario" time="7.620"/>
  <system-out/>
  <testcase classname="runner.ChromeHeadless$TestNGRunner" name="runScenario" time="7.045"/>
  <system-out/>
  <testcase classname="runner.ChromeHeadless$TestNGRunner" name="runScenario" time="6.268"/>
  <system-out/>
  <testcase classname="runner.ChromeHeadless$TestNGRunner" name="runScenario" time="8.036"/>
  <system-out/>
  <testcase classname="runner.ChromeHeadless$TestNGRunner" name="runScenario" time="14.786"/>
  <system-out/>
  <testcase classname="runner.ChromeHeadless$TestNGRunner" name="runScenario" time="7.104"/>
  <system-out/>
  <testcase classname="runner.ChromeHeadless$TestNGRunner" name="runScenario" time="8.663"/>
  <system-out/>
  <testcase classname="runner.ChromeHeadless$TestNGRunner" name="runScenario" time="6.408"/>
  <system-out/>
  <testcase classname="runner.ChromeHeadless$TestNGRunner" name="runScenario" time="8.996"/>
  <system-out/>
  <testcase classname="runner.ChromeHeadless$TestNGRunner" name="runScenario" time="8.439"/>
  <system-out/>
  <testcase classname="runner.ChromeHeadless$TestNGRunner" name="runScenario" time="8.343"/>
  <system-out/>
  <testcase classname="runner.ChromeHeadless$TestNGRunner" name="runScenario" time="7.062"/>
  <system-out/>
  <testcase classname="runner.ChromeHeadless$TestNGRunner" name="runScenario" time="8.537"/>
  <system-out/>
  <testcase classname="runner.ChromeHeadless$TestNGRunner" name="runScenario" time="7.969"/>
  <system-out/>
  <testcase classname="runner.ChromeHeadless$TestNGRunner" name="runScenario" time="8.915"/>
  <system-out/>
  <testcase classname="runner.ChromeHeadless$TestNGRunner" name="runScenario" time="6.953"/>
  <system-out/>
  <testcase classname="runner.ChromeHeadless$TestNGRunner" name="runScenario" time="6.701"/>
  <system-out/>
  <testcase classname="runner.ChromeHeadless$TestNGRunner" name="runScenario" time="8.334"/>
  <system-out/>
  <testcase classname="runner.ChromeHeadless$TestNGRunner" name="runScenario" time="8.823"/>
  <system-out/>
  <testcase classname="runner.ChromeHeadless$TestNGRunner" name="runScenario" time="12.610"/>
  <system-out/>
  <testcase classname="runner.ChromeHeadless$TestNGRunner" name="runScenario" time="6.196"/>
  <system-out/>
  <testcase classname="runner.ChromeHeadless$TestNGRunner" name="runScenario" time="5.386"/>
  <system-out/>
  <testcase classname="runner.ChromeHeadless$TestNGRunner" name="runScenario" time="9.867"/>
  <system-out/>
  <testcase classname="runner.ChromeHeadless$TestNGRunner" name="runScenario" time="7.825"/>
  <system-out/>
  <testcase classname="runner.ChromeHeadless$TestNGRunner" name="runScenario" time="7.828"/>
  <system-out/>
</testsuite> <!-- runner.ChromeHeadless$TestNGRunner -->
