<?xml version="1.0" encoding="UTF-8"?>
<!-- Generated by org.testng.reporters.JUnitReportReporter -->
<testsuite hostname="prabhaasus" failures="0" tests="63" name="runner.TestNGRunner" time="364.740" errors="0" timestamp="2024-04-04T08:22:45 EDT" skipped="0">
  <testcase classname="runner.TestNGRunner" name="runScenario" time="5.593"/>
  <system-out/>
  <testcase classname="runner.TestNGRunner" name="runScenario" time="4.667"/>
  <system-out/>
  <testcase classname="runner.TestNGRunner" name="runScenario" time="5.330"/>
  <system-out/>
  <testcase classname="runner.TestNGRunner" name="runScenario" time="3.633"/>
  <system-out/>
  <testcase classname="runner.TestNGRunner" name="runScenario" time="5.587"/>
  <system-out/>
  <testcase classname="runner.TestNGRunner" name="runScenario" time="10.201"/>
  <system-out/>
  <testcase classname="runner.TestNGRunner" name="runScenario" time="10.416"/>
  <system-out/>
  <testcase classname="runner.TestNGRunner" name="runScenario" time="3.572"/>
  <system-out/>
  <testcase classname="runner.TestNGRunner" name="runScenario" time="4.782"/>
  <system-out/>
  <testcase classname="runner.TestNGRunner" name="runScenario" time="15.316"/>
  <system-out/>
  <testcase classname="runner.TestNGRunner" name="runScenario" time="10.451"/>
  <system-out/>
  <testcase classname="runner.TestNGRunner" name="runScenario" time="4.716"/>
  <system-out/>
  <testcase classname="runner.TestNGRunner" name="runScenario" time="10.010"/>
  <system-out/>
  <testcase classname="runner.TestNGRunner" name="runScenario" time="4.645"/>
  <system-out/>
  <testcase classname="runner.TestNGRunner" name="runScenario" time="6.221"/>
  <system-out/>
  <testcase classname="runner.TestNGRunner" name="runScenario" time="5.587"/>
  <system-out/>
  <testcase classname="runner.TestNGRunner" name="runScenario" time="5.378"/>
  <system-out/>
  <testcase classname="runner.TestNGRunner" name="runScenario" time="3.962"/>
  <system-out/>
  <testcase classname="runner.TestNGRunner" name="runScenario" time="4.695"/>
  <system-out/>
  <testcase classname="runner.TestNGRunner" name="runScenario" time="5.793"/>
  <system-out/>
  <testcase classname="runner.TestNGRunner" name="runScenario" time="4.519"/>
  <system-out/>
  <testcase classname="runner.TestNGRunner" name="runScenario" time="3.675"/>
  <system-out/>
  <testcase classname="runner.TestNGRunner" name="runScenario" time="4.502"/>
  <system-out/>
  <testcase classname="runner.TestNGRunner" name="runScenario" time="3.631"/>
  <system-out/>
  <testcase classname="runner.TestNGRunner" name="runScenario" time="3.900"/>
  <system-out/>
  <testcase classname="runner.TestNGRunner" name="runScenario" time="5.075"/>
  <system-out/>
  <testcase classname="runner.TestNGRunner" name="runScenario" time="5.268"/>
  <system-out/>
  <testcase classname="runner.TestNGRunner" name="runScenario" time="4.589"/>
  <system-out/>
  <testcase classname="runner.TestNGRunner" name="runScenario" time="3.832"/>
  <system-out/>
  <testcase classname="runner.TestNGRunner" name="runScenario" time="3.941"/>
  <system-out/>
  <testcase classname="runner.TestNGRunner" name="runScenario" time="6.810"/>
  <system-out/>
  <testcase classname="runner.TestNGRunner" name="runScenario" time="4.294"/>
  <system-out/>
  <testcase classname="runner.TestNGRunner" name="runScenario" time="4.686"/>
  <system-out/>
  <testcase classname="runner.TestNGRunner" name="runScenario" time="6.669"/>
  <system-out/>
  <testcase classname="runner.TestNGRunner" name="runScenario" time="4.534"/>
  <system-out/>
  <testcase classname="runner.TestNGRunner" name="runScenario" time="7.395"/>
  <system-out/>
  <testcase classname="runner.TestNGRunner" name="runScenario" time="5.049"/>
  <system-out/>
  <testcase classname="runner.TestNGRunner" name="runScenario" time="5.360"/>
  <system-out/>
  <testcase classname="runner.TestNGRunner" name="runScenario" time="5.243"/>
  <system-out/>
  <testcase classname="runner.TestNGRunner" name="runScenario" time="4.784"/>
  <system-out/>
  <testcase classname="runner.TestNGRunner" name="runScenario" time="9.777"/>
  <system-out/>
  <testcase classname="runner.TestNGRunner" name="runScenario" time="3.340"/>
  <system-out/>
  <testcase classname="runner.TestNGRunner" name="runScenario" time="5.144"/>
  <system-out/>
  <testcase classname="runner.TestNGRunner" name="runScenario" time="6.162"/>
  <system-out/>
  <testcase classname="runner.TestNGRunner" name="runScenario" time="10.042"/>
  <system-out/>
  <testcase classname="runner.TestNGRunner" name="runScenario" time="5.928"/>
  <system-out/>
  <testcase classname="runner.TestNGRunner" name="runScenario" time="4.516"/>
  <system-out/>
  <testcase classname="runner.TestNGRunner" name="runScenario" time="5.875"/>
  <system-out/>
  <testcase classname="runner.TestNGRunner" name="runScenario" time="6.170"/>
  <system-out/>
  <testcase classname="runner.TestNGRunner" name="runScenario" time="3.334"/>
  <system-out/>
  <testcase classname="runner.TestNGRunner" name="runScenario" time="10.042"/>
  <system-out/>
  <testcase classname="runner.TestNGRunner" name="runScenario" time="4.959"/>
  <system-out/>
  <testcase classname="runner.TestNGRunner" name="runScenario" time="5.393"/>
  <system-out/>
  <testcase classname="runner.TestNGRunner" name="runScenario" time="10.019"/>
  <system-out/>
  <testcase classname="runner.TestNGRunner" name="runScenario" time="3.439"/>
  <system-out/>
  <testcase classname="runner.TestNGRunner" name="runScenario" time="3.717"/>
  <system-out/>
  <testcase classname="runner.TestNGRunner" name="runScenario" time="4.958"/>
  <system-out/>
  <testcase classname="runner.TestNGRunner" name="runScenario" time="5.220"/>
  <system-out/>
  <testcase classname="runner.TestNGRunner" name="runScenario" time="5.235"/>
  <system-out/>
  <testcase classname="runner.TestNGRunner" name="runScenario" time="9.963"/>
  <system-out/>
  <testcase classname="runner.TestNGRunner" name="runScenario" time="4.581"/>
  <system-out/>
  <testcase classname="runner.TestNGRunner" name="runScenario" time="4.988"/>
  <system-out/>
  <testcase classname="runner.TestNGRunner" name="runScenario" time="3.627"/>
  <system-out/>
</testsuite> <!-- runner.TestNGRunner -->
